The target system is: Generic -  - arm
The host system is: Linux - 6.5.0-18-generic - x86_64
Compiling the C compiler identification source file "CMakeCCompilerId.c" succeeded.
Compiler: /usr/bin/arm-none-eabi-gcc 
Build flags: 
Id flags: -c 

The output was:
0


Compilation of the C compiler identification source "CMakeCCompilerId.c" produced "CMakeCCompilerId.o"

The C compiler identification is GNU, found in "/home/janieblas/Documents/repositories/stm32f446_repo/e006_hal_driver/build/CMakeFiles/3.22.1/CompilerIdC/CMakeCCompilerId.o"

Checking whether the ASM compiler is GNU using "--version" matched "(GNU assembler)|(GCC)|(Free Software Foundation)":
arm-none-eabi-gcc (Arm GNU Toolchain 13.2.rel1 (Build arm-13.7)) 13.2.1 20231009
Copyright (C) 2023 Free Software Foundation, Inc.
This is free software; see the source for copying conditions.  There is NO
warranty; not even for MERCHANTABILITY or FITNESS FOR A PARTICULAR PURPOSE.

Detecting C compiler ABI info compiled with the following output:
Change Dir: /home/janieblas/Documents/repositories/stm32f446_repo/e006_hal_driver/build/CMakeFiles/CMakeTmp

Run Build Command(s):/usr/bin/gmake -f Makefile cmTC_b19f0/fast && gmake[1]: Entering directory '/home/janieblas/Documents/repositories/stm32f446_repo/e006_hal_driver/build/CMakeFiles/CMakeTmp'
/usr/bin/gmake  -f CMakeFiles/cmTC_b19f0.dir/build.make CMakeFiles/cmTC_b19f0.dir/build
gmake[2]: Entering directory '/home/janieblas/Documents/repositories/stm32f446_repo/e006_hal_driver/build/CMakeFiles/CMakeTmp'
Building C object CMakeFiles/cmTC_b19f0.dir/CMakeCCompilerABI.c.obj
/usr/bin/arm-none-eabi-gcc   -v -o CMakeFiles/cmTC_b19f0.dir/CMakeCCompilerABI.c.obj -c /usr/share/cmake-3.22/Modules/CMakeCCompilerABI.c
Using built-in specs.
COLLECT_GCC=/usr/bin/arm-none-eabi-gcc
Target: arm-none-eabi
Configured with: /data/jenkins/workspace/GNU-toolchain/arm-13/src/gcc/configure --target=arm-none-eabi --prefix=/data/jenkins/workspace/GNU-toolchain/arm-13/build-arm-none-eabi/install --with-gmp=/data/jenkins/workspace/GNU-toolchain/arm-13/build-arm-none-eabi/host-tools --with-mpfr=/data/jenkins/workspace/GNU-toolchain/arm-13/build-arm-none-eabi/host-tools --with-mpc=/data/jenkins/workspace/GNU-toolchain/arm-13/build-arm-none-eabi/host-tools --with-isl=/data/jenkins/workspace/GNU-toolchain/arm-13/build-arm-none-eabi/host-tools --disable-shared --disable-nls --disable-threads --disable-tls --enable-checking=release --enable-languages=c,c++,fortran --with-newlib --with-gnu-as --with-headers=yes --with-gnu-ld --with-native-system-header-dir=/include --with-sysroot=/data/jenkins/workspace/GNU-toolchain/arm-13/build-arm-none-eabi/install/arm-none-eabi --with-multilib-list=aprofile,rmprofile --with-pkgversion='Arm GNU Toolchain 13.2.rel1 (Build arm-13.7)' --with-bugurl=https://bugs.linaro.org/
Thread model: single
Supported LTO compression algorithms: zlib
gcc version 13.2.1 20231009 (Arm GNU Toolchain 13.2.rel1 (Build arm-13.7)) 
COLLECT_GCC_OPTIONS='-v' '-o' 'CMakeFiles/cmTC_b19f0.dir/CMakeCCompilerABI.c.obj' '-c' '-mcpu=arm7tdmi' '-mfloat-abi=soft' '-marm' '-mlibarch=armv4t' '-march=armv4t' '-dumpdir' 'CMakeFiles/cmTC_b19f0.dir/'
 /usr/share/arm-gnu-toolchain-13.2.Rel1-x86_64-arm-none-eabi/bin/../libexec/gcc/arm-none-eabi/13.2.1/cc1 -quiet -v -iprefix /usr/share/arm-gnu-toolchain-13.2.Rel1-x86_64-arm-none-eabi/bin/../lib/gcc/arm-none-eabi/13.2.1/ -isysroot /usr/share/arm-gnu-toolchain-13.2.Rel1-x86_64-arm-none-eabi/bin/../arm-none-eabi -D__USES_INITFINI__ /usr/share/cmake-3.22/Modules/CMakeCCompilerABI.c -quiet -dumpdir CMakeFiles/cmTC_b19f0.dir/ -dumpbase CMakeCCompilerABI.c.c -dumpbase-ext .c -mcpu=arm7tdmi -mfloat-abi=soft -marm -mlibarch=armv4t -march=armv4t -version -o /tmp/ccpqdKeo.s
GNU C17 (Arm GNU Toolchain 13.2.rel1 (Build arm-13.7)) version 13.2.1 20231009 (arm-none-eabi)
	compiled by GNU C version 4.8.5 20150623 (Red Hat 4.8.5-44), GMP version 6.2.1, MPFR version 3.1.6, MPC version 1.0.3, isl version isl-0.15-1-g835ea3a-GMP

GGC heuristics: --param ggc-min-expand=100 --param ggc-min-heapsize=131072
ignoring duplicate directory "/usr/share/arm-gnu-toolchain-13.2.Rel1-x86_64-arm-none-eabi/bin/../lib/gcc/../../lib/gcc/arm-none-eabi/13.2.1/include"
ignoring nonexistent directory "/usr/share/arm-gnu-toolchain-13.2.Rel1-x86_64-arm-none-eabi/bin/../arm-none-eabi/usr/local/include"
ignoring duplicate directory "/usr/share/arm-gnu-toolchain-13.2.Rel1-x86_64-arm-none-eabi/bin/../lib/gcc/../../lib/gcc/arm-none-eabi/13.2.1/include-fixed"
ignoring duplicate directory "/usr/share/arm-gnu-toolchain-13.2.Rel1-x86_64-arm-none-eabi/bin/../lib/gcc/../../lib/gcc/arm-none-eabi/13.2.1/../../../../arm-none-eabi/include"
ignoring duplicate directory "/usr/share/arm-gnu-toolchain-13.2.Rel1-x86_64-arm-none-eabi/bin/../arm-none-eabi/include"
#include "..." search starts here:
#include <...> search starts here:
 /usr/share/arm-gnu-toolchain-13.2.Rel1-x86_64-arm-none-eabi/bin/../lib/gcc/arm-none-eabi/13.2.1/include
 /usr/share/arm-gnu-toolchain-13.2.Rel1-x86_64-arm-none-eabi/bin/../lib/gcc/arm-none-eabi/13.2.1/include-fixed
 /usr/share/arm-gnu-toolchain-13.2.Rel1-x86_64-arm-none-eabi/bin/../lib/gcc/arm-none-eabi/13.2.1/../../../../arm-none-eabi/include
End of search list.
Compiler executable checksum: 3af492648c23d64f81488ff0afc525a8
COLLECT_GCC_OPTIONS='-v' '-o' 'CMakeFiles/cmTC_b19f0.dir/CMakeCCompilerABI.c.obj' '-c' '-mcpu=arm7tdmi' '-mfloat-abi=soft' '-marm' '-mlibarch=armv4t' '-march=armv4t' '-dumpdir' 'CMakeFiles/cmTC_b19f0.dir/'
 /usr/share/arm-gnu-toolchain-13.2.Rel1-x86_64-arm-none-eabi/bin/../lib/gcc/arm-none-eabi/13.2.1/../../../../arm-none-eabi/bin/as -v -march=armv4t -mfloat-abi=soft -meabi=5 -o CMakeFiles/cmTC_b19f0.dir/CMakeCCompilerABI.c.obj /tmp/ccpqdKeo.s
GNU assembler version 2.41.0 (arm-none-eabi) using BFD version (Arm GNU Toolchain 13.2.rel1 (Build arm-13.7)) 2.41.0.20231009
COMPILER_PATH=/usr/share/arm-gnu-toolchain-13.2.Rel1-x86_64-arm-none-eabi/bin/../libexec/gcc/arm-none-eabi/13.2.1/:/usr/share/arm-gnu-toolchain-13.2.Rel1-x86_64-arm-none-eabi/bin/../libexec/gcc/:/usr/share/arm-gnu-toolchain-13.2.Rel1-x86_64-arm-none-eabi/bin/../lib/gcc/arm-none-eabi/13.2.1/../../../../arm-none-eabi/bin/
LIBRARY_PATH=/usr/share/arm-gnu-toolchain-13.2.Rel1-x86_64-arm-none-eabi/bin/../lib/gcc/arm-none-eabi/13.2.1/:/usr/share/arm-gnu-toolchain-13.2.Rel1-x86_64-arm-none-eabi/bin/../lib/gcc/:/usr/share/arm-gnu-toolchain-13.2.Rel1-x86_64-arm-none-eabi/bin/../lib/gcc/arm-none-eabi/13.2.1/../../../../arm-none-eabi/lib/:/usr/share/arm-gnu-toolchain-13.2.Rel1-x86_64-arm-none-eabi/bin/../arm-none-eabi/lib/
COLLECT_GCC_OPTIONS='-v' '-o' 'CMakeFiles/cmTC_b19f0.dir/CMakeCCompilerABI.c.obj' '-c' '-mcpu=arm7tdmi' '-mfloat-abi=soft' '-marm' '-mlibarch=armv4t' '-march=armv4t' '-dumpdir' 'CMakeFiles/cmTC_b19f0.dir/CMakeCCompilerABI.c.'
Linking C static library libcmTC_b19f0.a
/usr/bin/cmake -P CMakeFiles/cmTC_b19f0.dir/cmake_clean_target.cmake
/usr/bin/cmake -E cmake_link_script CMakeFiles/cmTC_b19f0.dir/link.txt --verbose=1
/usr/bin/ar qc libcmTC_b19f0.a CMakeFiles/cmTC_b19f0.dir/CMakeCCompilerABI.c.obj
/usr/bin/ranlib libcmTC_b19f0.a
gmake[2]: Leaving directory '/home/janieblas/Documents/repositories/stm32f446_repo/e006_hal_driver/build/CMakeFiles/CMakeTmp'
gmake[1]: Leaving directory '/home/janieblas/Documents/repositories/stm32f446_repo/e006_hal_driver/build/CMakeFiles/CMakeTmp'



Parsed C implicit include dir info from above output: rv=done
  found start of include info
  found start of implicit include info
    add: [/usr/share/arm-gnu-toolchain-13.2.Rel1-x86_64-arm-none-eabi/bin/../lib/gcc/arm-none-eabi/13.2.1/include]
    add: [/usr/share/arm-gnu-toolchain-13.2.Rel1-x86_64-arm-none-eabi/bin/../lib/gcc/arm-none-eabi/13.2.1/include-fixed]
    add: [/usr/share/arm-gnu-toolchain-13.2.Rel1-x86_64-arm-none-eabi/bin/../lib/gcc/arm-none-eabi/13.2.1/../../../../arm-none-eabi/include]
  end of search list found
  collapse include dir [/usr/share/arm-gnu-toolchain-13.2.Rel1-x86_64-arm-none-eabi/bin/../lib/gcc/arm-none-eabi/13.2.1/include] ==> [/usr/share/arm-gnu-toolchain-13.2.Rel1-x86_64-arm-none-eabi/lib/gcc/arm-none-eabi/13.2.1/include]
  collapse include dir [/usr/share/arm-gnu-toolchain-13.2.Rel1-x86_64-arm-none-eabi/bin/../lib/gcc/arm-none-eabi/13.2.1/include-fixed] ==> [/usr/share/arm-gnu-toolchain-13.2.Rel1-x86_64-arm-none-eabi/lib/gcc/arm-none-eabi/13.2.1/include-fixed]
  collapse include dir [/usr/share/arm-gnu-toolchain-13.2.Rel1-x86_64-arm-none-eabi/bin/../lib/gcc/arm-none-eabi/13.2.1/../../../../arm-none-eabi/include] ==> [/usr/share/arm-gnu-toolchain-13.2.Rel1-x86_64-arm-none-eabi/arm-none-eabi/include]
  implicit include dirs: [/usr/share/arm-gnu-toolchain-13.2.Rel1-x86_64-arm-none-eabi/lib/gcc/arm-none-eabi/13.2.1/include;/usr/share/arm-gnu-toolchain-13.2.Rel1-x86_64-arm-none-eabi/lib/gcc/arm-none-eabi/13.2.1/include-fixed;/usr/share/arm-gnu-toolchain-13.2.Rel1-x86_64-arm-none-eabi/arm-none-eabi/include]


Parsed C implicit link information from above output:
  link line regex: [^( *|.*[/\])(arm-none-eabi-ld|CMAKE_LINK_STARTFILE-NOTFOUND|([^/\]+-)?ld|collect2)[^/\]*( |$)]
  ignore line: [Change Dir: /home/janieblas/Documents/repositories/stm32f446_repo/e006_hal_driver/build/CMakeFiles/CMakeTmp]
  ignore line: []
  ignore line: [Run Build Command(s):/usr/bin/gmake -f Makefile cmTC_b19f0/fast && gmake[1]: Entering directory '/home/janieblas/Documents/repositories/stm32f446_repo/e006_hal_driver/build/CMakeFiles/CMakeTmp']
  ignore line: [/usr/bin/gmake  -f CMakeFiles/cmTC_b19f0.dir/build.make CMakeFiles/cmTC_b19f0.dir/build]
  ignore line: [gmake[2]: Entering directory '/home/janieblas/Documents/repositories/stm32f446_repo/e006_hal_driver/build/CMakeFiles/CMakeTmp']
  ignore line: [Building C object CMakeFiles/cmTC_b19f0.dir/CMakeCCompilerABI.c.obj]
  ignore line: [/usr/bin/arm-none-eabi-gcc   -v -o CMakeFiles/cmTC_b19f0.dir/CMakeCCompilerABI.c.obj -c /usr/share/cmake-3.22/Modules/CMakeCCompilerABI.c]
  ignore line: [Using built-in specs.]
  ignore line: [COLLECT_GCC=/usr/bin/arm-none-eabi-gcc]
  ignore line: [Target: arm-none-eabi]
  ignore line: [Configured with: /data/jenkins/workspace/GNU-toolchain/arm-13/src/gcc/configure --target=arm-none-eabi --prefix=/data/jenkins/workspace/GNU-toolchain/arm-13/build-arm-none-eabi/install --with-gmp=/data/jenkins/workspace/GNU-toolchain/arm-13/build-arm-none-eabi/host-tools --with-mpfr=/data/jenkins/workspace/GNU-toolchain/arm-13/build-arm-none-eabi/host-tools --with-mpc=/data/jenkins/workspace/GNU-toolchain/arm-13/build-arm-none-eabi/host-tools --with-isl=/data/jenkins/workspace/GNU-toolchain/arm-13/build-arm-none-eabi/host-tools --disable-shared --disable-nls --disable-threads --disable-tls --enable-checking=release --enable-languages=c,c++,fortran --with-newlib --with-gnu-as --with-headers=yes --with-gnu-ld --with-native-system-header-dir=/include --with-sysroot=/data/jenkins/workspace/GNU-toolchain/arm-13/build-arm-none-eabi/install/arm-none-eabi --with-multilib-list=aprofile,rmprofile --with-pkgversion='Arm GNU Toolchain 13.2.rel1 (Build arm-13.7)' --with-bugurl=https://bugs.linaro.org/]
  ignore line: [Thread model: single]
  ignore line: [Supported LTO compression algorithms: zlib]
  ignore line: [gcc version 13.2.1 20231009 (Arm GNU Toolchain 13.2.rel1 (Build arm-13.7)) ]
  ignore line: [COLLECT_GCC_OPTIONS='-v' '-o' 'CMakeFiles/cmTC_b19f0.dir/CMakeCCompilerABI.c.obj' '-c' '-mcpu=arm7tdmi' '-mfloat-abi=soft' '-marm' '-mlibarch=armv4t' '-march=armv4t' '-dumpdir' 'CMakeFiles/cmTC_b19f0.dir/']
  ignore line: [ /usr/share/arm-gnu-toolchain-13.2.Rel1-x86_64-arm-none-eabi/bin/../libexec/gcc/arm-none-eabi/13.2.1/cc1 -quiet -v -iprefix /usr/share/arm-gnu-toolchain-13.2.Rel1-x86_64-arm-none-eabi/bin/../lib/gcc/arm-none-eabi/13.2.1/ -isysroot /usr/share/arm-gnu-toolchain-13.2.Rel1-x86_64-arm-none-eabi/bin/../arm-none-eabi -D__USES_INITFINI__ /usr/share/cmake-3.22/Modules/CMakeCCompilerABI.c -quiet -dumpdir CMakeFiles/cmTC_b19f0.dir/ -dumpbase CMakeCCompilerABI.c.c -dumpbase-ext .c -mcpu=arm7tdmi -mfloat-abi=soft -marm -mlibarch=armv4t -march=armv4t -version -o /tmp/ccpqdKeo.s]
  ignore line: [GNU C17 (Arm GNU Toolchain 13.2.rel1 (Build arm-13.7)) version 13.2.1 20231009 (arm-none-eabi)]
  ignore line: [	compiled by GNU C version 4.8.5 20150623 (Red Hat 4.8.5-44)  GMP version 6.2.1  MPFR version 3.1.6  MPC version 1.0.3  isl version isl-0.15-1-g835ea3a-GMP]
  ignore line: []
  ignore line: [GGC heuristics: --param ggc-min-expand=100 --param ggc-min-heapsize=131072]
  ignore line: [ignoring duplicate directory "/usr/share/arm-gnu-toolchain-13.2.Rel1-x86_64-arm-none-eabi/bin/../lib/gcc/../../lib/gcc/arm-none-eabi/13.2.1/include"]
  ignore line: [ignoring nonexistent directory "/usr/share/arm-gnu-toolchain-13.2.Rel1-x86_64-arm-none-eabi/bin/../arm-none-eabi/usr/local/include"]
  ignore line: [ignoring duplicate directory "/usr/share/arm-gnu-toolchain-13.2.Rel1-x86_64-arm-none-eabi/bin/../lib/gcc/../../lib/gcc/arm-none-eabi/13.2.1/include-fixed"]
  ignore line: [ignoring duplicate directory "/usr/share/arm-gnu-toolchain-13.2.Rel1-x86_64-arm-none-eabi/bin/../lib/gcc/../../lib/gcc/arm-none-eabi/13.2.1/../../../../arm-none-eabi/include"]
  ignore line: [ignoring duplicate directory "/usr/share/arm-gnu-toolchain-13.2.Rel1-x86_64-arm-none-eabi/bin/../arm-none-eabi/include"]
  ignore line: [#include "..." search starts here:]
  ignore line: [#include <...> search starts here:]
  ignore line: [ /usr/share/arm-gnu-toolchain-13.2.Rel1-x86_64-arm-none-eabi/bin/../lib/gcc/arm-none-eabi/13.2.1/include]
  ignore line: [ /usr/share/arm-gnu-toolchain-13.2.Rel1-x86_64-arm-none-eabi/bin/../lib/gcc/arm-none-eabi/13.2.1/include-fixed]
  ignore line: [ /usr/share/arm-gnu-toolchain-13.2.Rel1-x86_64-arm-none-eabi/bin/../lib/gcc/arm-none-eabi/13.2.1/../../../../arm-none-eabi/include]
  ignore line: [End of search list.]
  ignore line: [Compiler executable checksum: 3af492648c23d64f81488ff0afc525a8]
  ignore line: [COLLECT_GCC_OPTIONS='-v' '-o' 'CMakeFiles/cmTC_b19f0.dir/CMakeCCompilerABI.c.obj' '-c' '-mcpu=arm7tdmi' '-mfloat-abi=soft' '-marm' '-mlibarch=armv4t' '-march=armv4t' '-dumpdir' 'CMakeFiles/cmTC_b19f0.dir/']
  ignore line: [ /usr/share/arm-gnu-toolchain-13.2.Rel1-x86_64-arm-none-eabi/bin/../lib/gcc/arm-none-eabi/13.2.1/../../../../arm-none-eabi/bin/as -v -march=armv4t -mfloat-abi=soft -meabi=5 -o CMakeFiles/cmTC_b19f0.dir/CMakeCCompilerABI.c.obj /tmp/ccpqdKeo.s]
  ignore line: [GNU assembler version 2.41.0 (arm-none-eabi) using BFD version (Arm GNU Toolchain 13.2.rel1 (Build arm-13.7)) 2.41.0.20231009]
  ignore line: [COMPILER_PATH=/usr/share/arm-gnu-toolchain-13.2.Rel1-x86_64-arm-none-eabi/bin/../libexec/gcc/arm-none-eabi/13.2.1/:/usr/share/arm-gnu-toolchain-13.2.Rel1-x86_64-arm-none-eabi/bin/../libexec/gcc/:/usr/share/arm-gnu-toolchain-13.2.Rel1-x86_64-arm-none-eabi/bin/../lib/gcc/arm-none-eabi/13.2.1/../../../../arm-none-eabi/bin/]
  ignore line: [LIBRARY_PATH=/usr/share/arm-gnu-toolchain-13.2.Rel1-x86_64-arm-none-eabi/bin/../lib/gcc/arm-none-eabi/13.2.1/:/usr/share/arm-gnu-toolchain-13.2.Rel1-x86_64-arm-none-eabi/bin/../lib/gcc/:/usr/share/arm-gnu-toolchain-13.2.Rel1-x86_64-arm-none-eabi/bin/../lib/gcc/arm-none-eabi/13.2.1/../../../../arm-none-eabi/lib/:/usr/share/arm-gnu-toolchain-13.2.Rel1-x86_64-arm-none-eabi/bin/../arm-none-eabi/lib/]
  ignore line: [COLLECT_GCC_OPTIONS='-v' '-o' 'CMakeFiles/cmTC_b19f0.dir/CMakeCCompilerABI.c.obj' '-c' '-mcpu=arm7tdmi' '-mfloat-abi=soft' '-marm' '-mlibarch=armv4t' '-march=armv4t' '-dumpdir' 'CMakeFiles/cmTC_b19f0.dir/CMakeCCompilerABI.c.']
  ignore line: [Linking C static library libcmTC_b19f0.a]
  ignore line: [/usr/bin/cmake -P CMakeFiles/cmTC_b19f0.dir/cmake_clean_target.cmake]
  ignore line: [/usr/bin/cmake -E cmake_link_script CMakeFiles/cmTC_b19f0.dir/link.txt --verbose=1]
  ignore line: [/usr/bin/ar qc libcmTC_b19f0.a CMakeFiles/cmTC_b19f0.dir/CMakeCCompilerABI.c.obj]
  ignore line: [/usr/bin/ranlib libcmTC_b19f0.a]
  ignore line: [gmake[2]: Leaving directory '/home/janieblas/Documents/repositories/stm32f446_repo/e006_hal_driver/build/CMakeFiles/CMakeTmp']
  ignore line: [gmake[1]: Leaving directory '/home/janieblas/Documents/repositories/stm32f446_repo/e006_hal_driver/build/CMakeFiles/CMakeTmp']
  ignore line: []
  ignore line: []
  implicit libs: []
  implicit objs: []
  implicit dirs: []
  implicit fwks: []


